<?xml version="1.0" encoding="UTF-8"?>
<ns2:test-suite xmlns:ns2="urn:model.allure.qatools.yandex.ru" start="1461615368878" stop="1461615368878">
	<name>angularjs homepage skipped describe()</name>
	<title>angularjs homepage skipped describe()</title>
	<test-cases>
		<test-case start="1461615368878" stop="1461615368878" status="pending">
			<name>skipped it() inside of skipped describe()</name>
			<title>skipped it() inside of skipped describe()</title>
			<description></description>
			<labels>
			</labels>
			<parameters>
			</parameters>
			<steps>
			</steps>
			<attachments>
			</attachments>
			<failure>
				<message>This test was ignored</message>
				<stack-trace></stack-trace>
			</failure>
		</test-case>
		<test-case start="1461615368878" stop="1461615368878" status="pending">
			<name>encountered a declaration exception</name>
			<title>encountered a declaration exception</title>
			<description></description>
			<labels>
			</labels>
			<parameters>
			</parameters>
			<steps>
			</steps>
			<attachments>
			</attachments>
			<failure>
				<message>This test was ignored</message>
				<stack-trace></stack-trace>
			</failure>
		</test-case>
	</test-cases>
</ns2:test-suite>